2021-10-06 16:25:30 [main] ERROR epam.array_task.parser.impl.StringToDoubleParserImpl:22 - File is empty
2021-10-06 16:25:41 [main] ERROR epam.array_task.parser.impl.StringToDoubleParserImpl:22 - File is empty
2021-10-06 16:26:40 [main] ERROR epam.array_task.parser.impl.StringToDoubleParserImpl:22 - File is empty
2021-10-06 16:28:36 [main] INFO  epam.array_task.parser.impl.StringToDoubleParserImpl:35 - File contains incorrect data, reading is stopped at element 4 out of 8
2021-10-06 17:26:52 [main] INFO  epam.array_task.parser.impl.StringToDoubleParserImpl:35 - File contains incorrect data, reading is stopped at element 4 out of 8
2021-10-06 17:26:52 [main] INFO  volodko.epam.array_task.MAIN.Demo:34 - 56.0
2021-10-06 17:28:18 [main] INFO  epam.array_task.parser.impl.StringToDoubleParserImpl:35 - File contains incorrect data, reading is stopped at element 4 out of 8
2021-10-06 17:28:18 [main] INFO  array_task.service.actions.impl.FiltersForArrayImpl:23 - min value = -23.0
2021-10-06 17:28:34 [main] INFO  epam.array_task.parser.impl.StringToDoubleParserImpl:35 - File contains incorrect data, reading is stopped at element 4 out of 8
2021-10-06 17:40:57 [main] INFO  array_task.service.actions.impl.FiltersForArrayImpl:52 - Average value is 2.5
2021-10-06 17:41:30 [main] INFO  array_task.service.actions.impl.FiltersForArrayImpl:23 - Minimal value is 1.0
2021-10-06 17:41:42 [main] INFO  array_task.service.actions.impl.FiltersForArrayImpl:37 - Maximum value is 4.0
2021-10-06 17:41:57 [main] INFO  array_task.service.actions.impl.FiltersForArrayImpl:77 - Summa of array's pozitive elements is 4
2021-10-06 17:42:27 [main] INFO  array_task.service.actions.impl.FiltersForArrayImpl:90 - Summa of array's negative elements is 1
2021-10-06 17:51:11 [main] INFO  array_task.service.actions.impl.FiltersForArrayImpl:108 - Array after changes: [D@68746f22
2021-10-06 17:54:18 [main] INFO  array_task.service.actions.impl.FiltersForArrayImpl:98 - Array after changes: 
2021-10-06 17:55:03 [main] INFO  array_task.service.actions.impl.FiltersForArrayImpl:98 - Array after changes: 
2021-10-06 17:55:57 [main] INFO  array_task.service.actions.impl.FiltersForArrayImpl:98 - Array after changes: 
2021-10-06 17:57:09 [main] INFO  array_task.service.actions.impl.FiltersForArrayImpl:98 - Array after changes: 
2021-10-06 17:57:33 [main] INFO  array_task.service.actions.impl.FiltersForArrayImpl:98 - Array after changes: 
2021-10-06 18:03:35 [main] INFO  volodko.epam.array_task.MAIN.Demo:34 - ArrayDemo[array=[1.0, 0.0, 4.0, -4.0]]
2021-10-06 18:04:28 [main] INFO  volodko.epam.array_task.MAIN.Demo:34 - ArrayDemo[array=[1.0, 0.0, 4.0, -4.0]]
2021-10-06 18:10:39 [main] INFO  volodko.epam.array_task.MAIN.Demo:34 - ArrayDemo[array=[1.0, 0.0, 4.0, -4.0]]
2021-10-06 18:15:30 [main] INFO  array_task.service.actions.impl.FiltersForArrayImpl:105 - Array after changes: ArrayDemo[array=[1.0, 0.0, 4.0, -4.0]]
2021-10-06 18:15:30 [main] INFO  volodko.epam.array_task.MAIN.Demo:34 - ArrayDemo[array=[1.0, 0.0, 4.0, -4.0]]
2021-10-06 18:17:54 [main] INFO  array_task.service.actions.impl.FiltersForArrayImpl:105 - Array after changes: ArrayDemo[array=[1.0, 0.0, 4.0, -4.0]]
2021-10-06 18:18:39 [main] INFO  epam.array_task.parser.impl.StringToDoubleParserImpl:35 - File contains incorrect data, reading is stopped at element 7 out of 7
2021-10-06 18:18:39 [main] INFO  array_task.service.actions.impl.FiltersForArrayImpl:105 - Array after changes: ArrayDemo[array=[-5.0, 17.0, 2.3, -34.56, 0.0, 5.0, 0.0]]
2021-10-06 18:23:09 [main] INFO  epam.array_task.parser.impl.StringToDoubleParserImpl:35 - File contains incorrect data, reading is stopped at element 7 out of 7
2021-10-06 18:23:09 [main] INFO  array_task.service.actions.impl.FiltersForArrayImpl:108 - Array after changes: ArrayDemo[array=[-5.0, 17.0, 2.3, -34.56, 0.0, 5.0, 0.0]]
2021-10-06 18:28:26 [main] INFO  epam.array_task.parser.impl.StringToDoubleParserImpl:35 - File contains incorrect data, reading is stopped at element 7 out of 7
2021-10-06 18:28:26 [main] INFO  array_task.service.actions.impl.FiltersForArrayImpl:108 - Array after changes: ArrayDemo[array=[-5.0, 17.0, 2.3, -34.56, 0.0, 5.0, 0.0]]
2021-10-06 18:43:54 [main] INFO  epam.array_task.parser.impl.StringToDoubleParserImpl:35 - File contains incorrect data, reading is stopped at element 7 out of 7
2021-10-06 18:43:54 [main] INFO  array_task.service.actions.impl.FiltersForArrayImpl:107 - Array after changes: ArrayDemo[array=[-5.0, 17.0, 2.3, -34.56, 0.0, 5.0, 0.0]]
2021-10-06 18:47:14 [main] INFO  epam.array_task.parser.impl.StringToDoubleParserImpl:35 - File contains incorrect data, reading is stopped at element 7 out of 7
2021-10-06 18:47:14 [main] INFO  array_task.service.actions.impl.FiltersForArrayImpl:106 - Array after changes: ArrayDemo[array=[-5.0, 17.0, 2.3, -34.56, 0.0, 5.0, 0.0]]
2021-10-06 18:49:53 [main] INFO  epam.array_task.parser.impl.StringToDoubleParserImpl:35 - File contains incorrect data, reading is stopped at element 7 out of 7
2021-10-06 18:49:53 [main] INFO  array_task.service.actions.impl.FiltersForArrayImpl:106 - Array after changes: ArrayDemo[array=[-5.0, 17.0, 2.3, -34.56, 0.0, 5.0, 0.0]]
2021-10-06 18:54:44 [main] INFO  epam.array_task.parser.impl.StringToDoubleParserImpl:35 - File contains incorrect data, reading is stopped at element 7 out of 7
2021-10-06 18:54:44 [main] INFO  array_task.service.actions.impl.FiltersForArrayImpl:106 - Array after changes: ArrayDemo[array=[-5.0, 17.0, 2.3, -34.56, 0.0, 5.0, 0.0]]
2021-10-06 19:00:15 [main] INFO  epam.array_task.parser.impl.StringToDoubleParserImpl:35 - File contains incorrect data, reading is stopped at element 7 out of 7
2021-10-06 19:00:15 [main] INFO  array_task.service.actions.impl.FiltersForArrayImpl:106 - Array after changes: ArrayDemo[array=[-5.0, 567.0, 2.3, -34.56, 0.0, 5.0, 0.0]]
2021-10-06 19:16:08 [main] INFO  epam.array_task.parser.impl.StringToDoubleParserImpl:35 - File contains incorrect data, reading is stopped at element 7 out of 7
2021-10-06 19:16:37 [main] INFO  epam.array_task.parser.impl.StringToDoubleParserImpl:35 - File contains incorrect data, reading is stopped at element 7 out of 7
2021-10-06 19:16:37 [main] INFO  array_task.service.sort.impl.ArraySorterImpl:25 - Array after buble sorting: ArrayDemo[array=[-5.0, 2.3, -34.56, 0.0, 5.0, 0.0, 17.0]]
2021-10-06 19:18:35 [main] INFO  epam.array_task.parser.impl.StringToDoubleParserImpl:35 - File contains incorrect data, reading is stopped at element 7 out of 7
2021-10-06 19:18:35 [main] INFO  array_task.service.sort.impl.ArraySorterImpl:25 - Array after buble sorting: ArrayDemo[array=[-5.0, 2.3, -34.56, 0.0, 5.0, 0.0, 17.0]]
2021-10-06 19:24:14 [main] INFO  epam.array_task.parser.impl.StringToDoubleParserImpl:35 - File contains incorrect data, reading is stopped at element 7 out of 7
2021-10-06 19:24:14 [main] INFO  array_task.service.sort.impl.ArraySorterImpl:27 - Array after buble sorting: ArrayDemo[array=[-34.56, -5.0, 0.0, 0.0, 2.3, 5.0, 17.0]]
2021-10-06 19:34:23 [main] INFO  epam.array_task.parser.impl.StringToDoubleParserImpl:35 - File contains incorrect data, reading is stopped at element 7 out of 7
2021-10-06 19:36:54 [main] INFO  epam.array_task.parser.impl.StringToDoubleParserImpl:35 - File contains incorrect data, reading is stopped at element 7 out of 7
2021-10-06 19:36:54 [main] INFO  array_task.service.sort.impl.ArraySorterImpl:56 - Array after buble sorting: ArrayDemo[array=[-34.56, -5.0, 0.0, 0.0, 2.3, 5.0, 17.0]]
2021-10-06 19:51:44 [main] INFO  epam.array_task.parser.impl.StringToDoubleParserImpl:35 - File contains incorrect data, reading is stopped at element 7 out of 7
2021-10-06 19:51:44 [main] INFO  array_task.service.sort.impl.ArraySorterImpl:50 - Array after buble sorting: ArrayDemo[array=[-34.56, -5.0, 0.0, 0.0, 2.3, 5.0, 17.0]]
2021-10-06 19:54:39 [main] INFO  epam.array_task.parser.impl.StringToDoubleParserImpl:35 - File contains incorrect data, reading is stopped at element 7 out of 7
2021-10-06 19:54:39 [main] INFO  array_task.service.actions.impl.FiltersForArrayImpl:106 - Array after changes: ArrayDemo[array=[-5.0, 17.0, 2.3, 456.0, 0.0, 5.0, 0.0]]
2021-10-06 19:54:39 [main] INFO  array_task.service.sort.impl.ArraySorterImpl:47 - Array after insertion sorting: ArrayDemo[array=[-5.0, 0.0, 0.0, 2.3, 5.0, 17.0, 456.0]]
2021-10-06 20:01:12 [main] INFO  epam.array_task.parser.impl.StringToDoubleParserImpl:35 - File contains incorrect data, reading is stopped at element 7 out of 7
2021-10-06 20:01:12 [main] INFO  array_task.service.actions.impl.FiltersForArrayImpl:106 - Array after changes: ArrayDemo[array=[-5.0, 17.0, 2.3, 456.0, 0.0, 5.0, 0.0]]
2021-10-06 20:01:41 [main] INFO  epam.array_task.parser.impl.StringToDoubleParserImpl:35 - File contains incorrect data, reading is stopped at element 7 out of 7
2021-10-06 20:01:41 [main] INFO  array_task.service.actions.impl.FiltersForArrayImpl:106 - Array after changes: ArrayDemo[array=[-5.0, 17.0, 2.3, 456.0, 0.0, 5.0, 0.0]]
2021-10-06 22:45:49 [main] INFO  epam.array_task.parser.impl.StringToDoubleParserImpl:35 - File contains incorrect data, reading is stopped at element 7 out of 7
2021-10-06 22:45:49 [main] INFO  array_task.service.actions.impl.FiltersForArrayImpl:106 - Array after changes: ArrayDemo[array=[-5.0, 17.0, 2.3, 456.0, 0.0, 5.0, 0.0]]
2021-10-06 22:45:49 [main] INFO  array_task.service.sort.impl.ArraySorterImpl:59 - Array after Shell sorting: ArrayDemo[array=[-5.0, 0.0, 0.0, 2.3, 5.0, 17.0, 456.0]]
2021-10-06 23:32:39 [main] ERROR epam.array_task.parser.impl.StringToDoubleParserImpl:33 - File contains incorrect data, reading is stopped at element 7 out of 7
2021-10-06 23:33:45 [main] INFO  array_task.service.actions.impl.FiltersForArrayImpl:105 - Array after changes: ArrayDemo[array=[-5.0, 17.0, 2.3, 456.0, 0.0, 5.0]]
2021-10-06 23:33:45 [main] INFO  array_task.service.sort.impl.ArraySorterImpl:59 - Array after Shell sorting: ArrayDemo[array=[-5.0, 0.0, 2.3, 5.0, 17.0, 456.0]]
2021-10-06 23:37:43 [main] ERROR epam.array_task.parser.impl.StringToDoubleParserImpl:33 - File contains incorrect data, reading stopped at element 7 out of 7
2021-10-06 23:37:53 [main] INFO  array_task.service.actions.impl.FiltersForArrayImpl:105 - Array after changes: ArrayDemo[array=[-5.0, 17.0, 2.3, 456.0, 0.0, 5.0]]
2021-10-06 23:37:53 [main] INFO  array_task.service.sort.impl.ArraySorterImpl:59 - Array after Shell sorting: ArrayDemo[array=[-5.0, 0.0, 2.3, 5.0, 17.0, 456.0]]
2021-10-06 23:38:24 [main] ERROR epam.array_task.parser.impl.StringToDoubleParserImpl:33 - File contains incorrect data, reading stopped at element 7 out of 7
2021-10-06 23:38:32 [main] ERROR epam.array_task.parser.impl.StringToDoubleParserImpl:33 - File contains incorrect data, reading stopped at element 7 out of 7
2021-10-06 23:39:13 [main] ERROR epam.array_task.reader.impl.ArrayReaderFromFileImpl:31 - Oops, file \main\resources\data\arraysData.txt not found
java.io.FileNotFoundException: \main\resources\data\arraysData.txt (Системе не удается найти указанный путь)
	at java.io.FileInputStream.open0(Native Method) ~[?:?]
	at java.io.FileInputStream.open(FileInputStream.java:219) ~[?:?]
	at java.io.FileInputStream.<init>(FileInputStream.java:157) ~[?:?]
	at java.io.FileReader.<init>(FileReader.java:75) ~[?:?]
	at by.volodko.epam.array_task.reader.impl.ArrayReaderFromFileImpl.readFromFile(ArrayReaderFromFileImpl.java:24) [classes/:?]
	at by.volodko.epam.array_task.MAIN.Demo.main(Demo.java:26) [classes/:?]
2021-10-06 23:39:26 [main] ERROR epam.array_task.reader.impl.ArrayReaderFromFileImpl:31 - Oops, file \resources\data\arraysData.txt not found
java.io.FileNotFoundException: \resources\data\arraysData.txt (Системе не удается найти указанный путь)
	at java.io.FileInputStream.open0(Native Method) ~[?:?]
	at java.io.FileInputStream.open(FileInputStream.java:219) ~[?:?]
	at java.io.FileInputStream.<init>(FileInputStream.java:157) ~[?:?]
	at java.io.FileReader.<init>(FileReader.java:75) ~[?:?]
	at by.volodko.epam.array_task.reader.impl.ArrayReaderFromFileImpl.readFromFile(ArrayReaderFromFileImpl.java:24) [classes/:?]
	at by.volodko.epam.array_task.MAIN.Demo.main(Demo.java:26) [classes/:?]
2021-10-06 23:39:36 [main] ERROR epam.array_task.reader.impl.ArrayReaderFromFileImpl:31 - Oops, file data\arraysData.txt not found
java.io.FileNotFoundException: data\arraysData.txt (Системе не удается найти указанный путь)
	at java.io.FileInputStream.open0(Native Method) ~[?:?]
	at java.io.FileInputStream.open(FileInputStream.java:219) ~[?:?]
	at java.io.FileInputStream.<init>(FileInputStream.java:157) ~[?:?]
	at java.io.FileReader.<init>(FileReader.java:75) ~[?:?]
	at by.volodko.epam.array_task.reader.impl.ArrayReaderFromFileImpl.readFromFile(ArrayReaderFromFileImpl.java:24) [classes/:?]
	at by.volodko.epam.array_task.MAIN.Demo.main(Demo.java:26) [classes/:?]
2021-10-06 23:39:44 [main] ERROR epam.array_task.reader.impl.ArrayReaderFromFileImpl:31 - Oops, file arraysData.txt not found
java.io.FileNotFoundException: arraysData.txt (Не удается найти указанный файл)
	at java.io.FileInputStream.open0(Native Method) ~[?:?]
	at java.io.FileInputStream.open(FileInputStream.java:219) ~[?:?]
	at java.io.FileInputStream.<init>(FileInputStream.java:157) ~[?:?]
	at java.io.FileReader.<init>(FileReader.java:75) ~[?:?]
	at by.volodko.epam.array_task.reader.impl.ArrayReaderFromFileImpl.readFromFile(ArrayReaderFromFileImpl.java:24) [classes/:?]
	at by.volodko.epam.array_task.MAIN.Demo.main(Demo.java:26) [classes/:?]
